c:\users\thijs-pc\source\repos\cg_world\program1\debug\vc141.pdb
c:\users\thijs-pc\source\repos\cg_world\program1\debug\vc141.idb
c:\users\thijs-pc\source\repos\cg_world\program1\debug\texture.obj
c:\users\thijs-pc\source\repos\cg_world\program1\debug\model.obj
c:\users\thijs-pc\source\repos\cg_world\program1\debug\objloader.obj
c:\users\thijs-pc\source\repos\cg_world\program1\debug\modelhandler.obj
c:\users\thijs-pc\source\repos\cg_world\program1\debug\material.obj
c:\users\thijs-pc\source\repos\cg_world\program1\debug\main.obj
c:\users\thijs-pc\source\repos\cg_world\program1\debug\glsl.obj
c:\users\thijs\source\repos\cg_world\program1\debug\vc141.pdb
c:\users\thijs\source\repos\cg_world\program1\debug\vc141.idb
c:\users\thijs\source\repos\cg_world\program1\debug\texture.obj
c:\users\thijs\source\repos\cg_world\program1\debug\model.obj
c:\users\thijs\source\repos\cg_world\program1\debug\objloader.obj
c:\users\thijs\source\repos\cg_world\program1\debug\material.obj
c:\users\thijs\source\repos\cg_world\program1\debug\glsl.obj
c:\users\thijs\source\repos\cg_world\program1\debug\main.obj
c:\users\thijs-pc\source\repos\cg_world\debug\program1.exe
c:\users\thijs-pc\source\repos\cg_world\debug\program1.ilk
c:\users\thijs-pc\source\repos\cg_world\debug\program1.pdb
c:\users\thijs\source\repos\cg_world\debug\program1.pdb
c:\users\thijs\source\repos\cg_world\debug\program1.exe
c:\users\thijs\source\repos\cg_world\debug\program1.ilk
c:\users\thijs\source\repos\cg_world\program1\debug\program1.tlog\cl.command.1.tlog
c:\users\thijs\source\repos\cg_world\program1\debug\program1.tlog\cl.read.1.tlog
c:\users\thijs\source\repos\cg_world\program1\debug\program1.tlog\cl.write.1.tlog
c:\users\thijs\source\repos\cg_world\program1\debug\program1.tlog\link.command.1.tlog
c:\users\thijs\source\repos\cg_world\program1\debug\program1.tlog\link.read.1.tlog
c:\users\thijs\source\repos\cg_world\program1\debug\program1.tlog\link.write.1.tlog
