  ModelHandler.cpp
<<<<<<< HEAD
c:\users\thijs-pc\source\repos\cg_world\program1\modelhandler.cpp(59): warning C4244: '=': conversion from 'int' to 'float', possible loss of data
c:\users\thijs-pc\source\repos\cg_world\program1\modelhandler.cpp(84): error C2678: binary '==': no operator found which takes a left-hand operand of type 'std::vector<glm::vec3,std::allocator<_Ty>>' (or there is no acceptable conversion)
          with
          [
              _Ty=glm::vec3
          ]
  c:\program files (x86)\windows kits\10\include\10.0.17763.0\shared\guiddef.h(192): note: could be 'bool operator ==(const GUID &,const GUID &)'
  d:\program files (x86)\microsoft visual studio\2017\community\vc\tools\msvc\14.16.27023\include\system_error(284): note: or       'bool std::operator ==(const std::error_condition &,const std::error_condition &) noexcept'
  d:\program files (x86)\microsoft visual studio\2017\community\vc\tools\msvc\14.16.27023\include\system_error(278): note: or       'bool std::operator ==(const std::error_condition &,const std::error_code &) noexcept'
  d:\program files (x86)\microsoft visual studio\2017\community\vc\tools\msvc\14.16.27023\include\system_error(272): note: or       'bool std::operator ==(const std::error_code &,const std::error_condition &) noexcept'
  d:\program files (x86)\microsoft visual studio\2017\community\vc\tools\msvc\14.16.27023\include\system_error(266): note: or       'bool std::operator ==(const std::error_code &,const std::error_code &) noexcept'
  d:\program files (x86)\microsoft visual studio\2017\community\vc\tools\msvc\14.16.27023\include\exception(331): note: or       'bool std::operator ==(const std::exception_ptr &,std::nullptr_t) noexcept'
  d:\program files (x86)\microsoft visual studio\2017\community\vc\tools\msvc\14.16.27023\include\exception(326): note: or       'bool std::operator ==(std::nullptr_t,const std::exception_ptr &) noexcept'
  d:\program files (x86)\microsoft visual studio\2017\community\vc\tools\msvc\14.16.27023\include\exception(321): note: or       'bool std::operator ==(const std::exception_ptr &,const std::exception_ptr &) noexcept'
  c:\users\thijs-pc\source\repos\cg_world\program1\modelhandler.cpp(84): note: while trying to match the argument list '(std::vector<glm::vec3,std::allocator<_Ty>>, int)'
          with
          [
              _Ty=glm::vec3
          ]
  main.cpp
c:\users\thijs-pc\source\repos\cg_world\program1\main.cpp(210): warning C4244: '=': conversion from 'int' to 'float', possible loss of data
c:\users\thijs-pc\source\repos\cg_world\program1\main.cpp(211): warning C4244: '=': conversion from 'int' to 'float', possible loss of data
  Generating Code...
=======
c:\users\thijs\source\repos\cg_world\program1\modelhandler.cpp(57): warning C4244: '=': conversion from 'int' to 'float', possible loss of data
  Program1.vcxproj -> C:\Users\Thijs\source\repos\CG_World\Debug\Program1.exe
>>>>>>> 4e90ededf1526994a5711e9cb92c8ab73e3f0e1f
